#
# A fatal error has been detected by the Java Runtime Environment:
#
#  EXCEPTION_ACCESS_VIOLATION (0xc0000005) at pc=0x00007ff9fe54fd0c, pid=7896, tid=0x0000000000003b00
#
# JRE version: Java(TM) SE Runtime Environment (8.0_121-b13) (build 1.8.0_121-b13)
# Java VM: Java HotSpot(TM) 64-Bit Server VM (25.121-b13 mixed mode windows-amd64 compressed oops)
# Problematic frame:
# C  [d3d9.dll+0xfd0c]
#
# Failed to write core dump. Minidumps are not enabled by default on client versions of Windows
#
# If you would like to submit a bug report, please visit:
#   http://bugreport.java.com/bugreport/crash.jsp
# The crash happened outside the Java Virtual Machine in native code.
# See problematic frame for where to report the bug.
#

---------------  T H R E A D  ---------------

Current thread (0x000000001f76f800):  JavaThread "AWT-Windows" daemon [_thread_in_native, id=15104, stack(0x0000000020110000,0x0000000020210000)]

siginfo: ExceptionCode=0xc0000005, writing address 0x0000000000000000

Registers:
RAX=0x0000000000000000, RBX=0x000000002020dc50, RCX=0x0000000027a6dc20, RDX=0x000000002020e460
RSP=0x000000002020dba8, RBP=0x000000002020df40, RSI=0x0000000000000001, RDI=0x0000000027a65f60
R8 =0x0000000000000000, R9 =0x0000000000000000, R10=0x0000000027a6ea3c, R11=0x0000000000000246
R12=0x0000000000000002, R13=0x000000002020e460, R14=0x0000000000000000, R15=0x0000000000000000
RIP=0x00007ff9fe54fd0c, EFLAGS=0x0000000000010246

Top of Stack: (sp=0x000000002020dba8)
0x000000002020dba8:   00007ff9fe55167f 000000002020dc08
0x000000002020dbb8:   000000002020dc10 000000000000054c
0x000000002020dbc8:   0000000000010003 0000000000000000
0x000000002020dbd8:   0000000027a65f60 0000000000000000
0x000000002020dbe8:   00007ff9fe5676a6 0000000000000000
0x000000002020dbf8:   0000000000000000 0000000000000001
0x000000002020dc08:   0000000000000001 0000000000000000
0x000000002020dc18:   0000000000000000 0000000000005c88
0x000000002020dc28:   0000000000005c90 0000000000000000
0x000000002020dc38:   000000002020dc88 0000000000000000
0x000000002020dc48:   000000000000001a 0000000000000000
0x000000002020dc58:   0000000000000000 0000000027a43300
0x000000002020dc68:   0000000027a6dc20 0000000000000000
0x000000002020dc78:   000000000103ccb8 0000000000000000
0x000000002020dc88:   0000000000000003 0000000000000000
0x000000002020dc98:   0000000000000000 fffff88000000048 

Instructions: (pc=0x00007ff9fe54fd0c)
0x00007ff9fe54fcec:   e9 10 fe ff ff cc cc cc cc cc cc cc cc cc cc cc
0x00007ff9fe54fcfc:   cc cc cc cc ff 25 00 00 00 00 30 96 01 80 01 00
0x00007ff9fe54fd0c:   00 00 5c 24 20 55 56 57 41 54 41 55 41 56 41 57
0x00007ff9fe54fd1c:   48 8d 6c 24 c0 48 81 ec 40 01 00 00 48 8b 05 a9 


Register to memory mapping:

RAX=0x0000000000000000 is an unknown value
RBX=0x000000002020dc50 is pointing into the stack for thread: 0x000000001f76f800
RCX=0x0000000027a6dc20 is an unknown value
RDX=0x000000002020e460 is pointing into the stack for thread: 0x000000001f76f800
RSP=0x000000002020dba8 is pointing into the stack for thread: 0x000000001f76f800
RBP=0x000000002020df40 is pointing into the stack for thread: 0x000000001f76f800
RSI=0x0000000000000001 is an unknown value
RDI=0x0000000027a65f60 is an unknown value
R8 =0x0000000000000000 is an unknown value
R9 =0x0000000000000000 is an unknown value
R10=0x0000000027a6ea3c is an unknown value
R11=0x0000000000000246 is an unknown value
R12=0x0000000000000002 is an unknown value
R13=0x000000002020e460 is pointing into the stack for thread: 0x000000001f76f800
R14=0x0000000000000000 is an unknown value
R15=0x0000000000000000 is an unknown value


Stack: [0x0000000020110000,0x0000000020210000],  sp=0x000000002020dba8,  free space=1014k
Native frames: (J=compiled Java code, j=interpreted, Vv=VM code, C=native code)
C  [d3d9.dll+0xfd0c]
C  [d3d9.dll+0x1167f]
C  [d3d9.dll+0x276a6]
C  [d3d9.dll+0x2cb68]
C  [d3d9.dll+0x2a81e]
C  [awt.dll+0x19e3d]
C  [awt.dll+0x19f9b]
C  [awt.dll+0x1a94f]
C  [awt.dll+0x1e505]
C  [awt.dll+0x1b619]
C  0x0000000003417f74

Java frames: (J=compiled Java code, j=interpreted, Vv=VM code)
j  sun.java2d.d3d.D3DGraphicsDevice.getDeviceCapsNative(I)I+0
j  sun.java2d.d3d.D3DGraphicsDevice.access$000(I)I+1
j  sun.java2d.d3d.D3DGraphicsDevice$1.run()V+8
v  ~StubRoutines::call_stub
j  sun.awt.windows.WToolkit.eventLoop()V+0
j  sun.awt.windows.WToolkit.run()V+58
j  java.lang.Thread.run()V+11
v  ~StubRoutines::call_stub

---------------  P R O C E S S  ---------------

Java Threads: ( => current thread )
  0x00000000018c0800 JavaThread "DestroyJavaVM" [_thread_blocked, id=2360, stack(0x00000000017c0000,0x00000000018c0000)]
  0x000000001f7d2800 JavaThread "AWT-EventQueue-0" [_thread_in_native, id=6720, stack(0x0000000021c00000,0x0000000021d00000)]
=>0x000000001f76f800 JavaThread "AWT-Windows" daemon [_thread_in_native, id=15104, stack(0x0000000020110000,0x0000000020210000)]
  0x000000001f76d000 JavaThread "AWT-Shutdown" [_thread_blocked, id=11376, stack(0x0000000020010000,0x0000000020110000)]
  0x000000001f76c800 JavaThread "Java2D Disposer" daemon [_thread_blocked, id=4612, stack(0x000000001ff10000,0x0000000020010000)]
  0x000000001e8b0800 JavaThread "Service Thread" daemon [_thread_blocked, id=1072, stack(0x000000001f3e0000,0x000000001f4e0000)]
  0x000000001e82a000 JavaThread "C1 CompilerThread3" daemon [_thread_blocked, id=10364, stack(0x000000001f2e0000,0x000000001f3e0000)]
  0x000000001c8e9000 JavaThread "C2 CompilerThread2" daemon [_thread_blocked, id=18800, stack(0x000000001f1e0000,0x000000001f2e0000)]
  0x000000001e822000 JavaThread "C2 CompilerThread1" daemon [_thread_blocked, id=17604, stack(0x000000001f0e0000,0x000000001f1e0000)]
  0x000000001e81f000 JavaThread "C2 CompilerThread0" daemon [_thread_blocked, id=18584, stack(0x000000001efe0000,0x000000001f0e0000)]
  0x000000001e81c800 JavaThread "Attach Listener" daemon [_thread_blocked, id=11424, stack(0x000000001eee0000,0x000000001efe0000)]
  0x000000001e81b800 JavaThread "Signal Dispatcher" daemon [_thread_blocked, id=2752, stack(0x000000001ede0000,0x000000001eee0000)]
  0x00000000019bd800 JavaThread "Finalizer" daemon [_thread_blocked, id=19236, stack(0x000000001ebf0000,0x000000001ecf0000)]
  0x00000000019b6800 JavaThread "Reference Handler" daemon [_thread_blocked, id=3156, stack(0x000000001e6f0000,0x000000001e7f0000)]

Other Threads:
  0x000000001c8d9800 VMThread [stack: 0x000000001e5f0000,0x000000001e6f0000] [id=16700]
  0x000000001e8b2800 WatcherThread [stack: 0x000000001f4e0000,0x000000001f5e0000] [id=14720]

VM state:not at safepoint (normal execution)

VM Mutex/Monitor currently owned by a thread: None

Heap:
 PSYoungGen      total 76288K, used 9175K [0x000000076af80000, 0x0000000770480000, 0x00000007c0000000)
  eden space 65536K, 14% used [0x000000076af80000,0x000000076b875e48,0x000000076ef80000)
  from space 10752K, 0% used [0x000000076fa00000,0x000000076fa00000,0x0000000770480000)
  to   space 10752K, 0% used [0x000000076ef80000,0x000000076ef80000,0x000000076fa00000)
 ParOldGen       total 175104K, used 0K [0x00000006c0e00000, 0x00000006cb900000, 0x000000076af80000)
  object space 175104K, 0% used [0x00000006c0e00000,0x00000006c0e00000,0x00000006cb900000)
 Metaspace       used 8194K, capacity 8414K, committed 8576K, reserved 1056768K
  class space    used 1043K, capacity 1120K, committed 1152K, reserved 1048576K

Card table byte_map: [0x0000000012400000,0x0000000012c00000] byte_map_base: 0x000000000edf9000

Marking Bits: (ParMarkBitMap*) 0x000000005fb9b6d0
 Begin Bits: [0x0000000013760000, 0x0000000017728000)
 End Bits:   [0x0000000017728000, 0x000000001b6f0000)

Polling page: 0x0000000000fe0000

CodeCache: size=245760Kb used=1700Kb max_used=1700Kb free=244059Kb
 bounds [0x0000000003400000, 0x0000000003670000, 0x0000000012400000]
 total_blobs=686 nmethods=303 adapters=296
 compilation: enabled

Compilation events (10 events):
Event: 0.286 Thread 0x000000001e82a000  298       3       javax.swing.plaf.nimbus.AbstractRegionPainter$PaintContext::<init> (281 bytes)
Event: 0.287 Thread 0x000000001e82a000 nmethod 298 0x00000000035a6190 code [0x00000000035a6360, 0x00000000035a6a68]
Event: 0.288 Thread 0x000000001e82a000  299       1       java.awt.Color::getRGB (5 bytes)
Event: 0.288 Thread 0x000000001e82a000 nmethod 299 0x00000000035a7450 code [0x00000000035a75a0, 0x00000000035a76b0]
Event: 0.288 Thread 0x000000001e82a000  300       3       java.util.LinkedList$ListItr::hasNext (20 bytes)
Event: 0.288 Thread 0x000000001e82a000 nmethod 300 0x00000000035a7710 code [0x00000000035a7860, 0x00000000035a7a30]
Event: 0.288 Thread 0x000000001e82a000  301   !   3       sun.awt.AppContext::get (123 bytes)
Event: 0.288 Thread 0x000000001e82a000 nmethod 301 0x00000000035a7ad0 code [0x00000000035a7c80, 0x00000000035a85a8]
Event: 0.288 Thread 0x000000001e82a000  302  s    1       java.util.Vector::size (5 bytes)
Event: 0.289 Thread 0x000000001e82a000 nmethod 302 0x00000000035a8a10 code [0x00000000035a8b60, 0x00000000035a8dd0]

GC Heap History (0 events):
No events

Deoptimization events (1 events):
Event: 0.230 Thread 0x00000000018c0800 Uncommon trap: reason=null_check action=make_not_entrant pc=0x0000000003573d04 method=java.lang.String.equals(Ljava/lang/Object;)Z @ 8

Internal exceptions (10 events):
Event: 0.275 Thread 0x00000000018c0800 Exception <a 'java/lang/ClassNotFoundException': ToolBar> (0x000000076b4c4cb0) thrown at [C:\re\workspace\8-2-build-windows-amd64-cygwin\jdk8u121\8372\hotspot\src\share\vm\classfile\systemDictionary.cpp, line 210]
Event: 0.275 Thread 0x00000000018c0800 Exception <a 'java/lang/ClassNotFoundException': ToggleButton> (0x000000076b4c5260) thrown at [C:\re\workspace\8-2-build-windows-amd64-cygwin\jdk8u121\8372\hotspot\src\share\vm\classfile\systemDictionary.cpp, line 210]
Event: 0.275 Thread 0x00000000018c0800 Exception <a 'java/lang/ClassNotFoundException': javax/swing/JToolBarSeparator> (0x000000076b4c56c0) thrown at [C:\re\workspace\8-2-build-windows-amd64-cygwin\jdk8u121\8372\hotspot\src\share\vm\classfile\systemDictionary.cpp, line 210]
Event: 0.275 Thread 0x00000000018c0800 Exception <a 'java/lang/ClassNotFoundException': ToolBarSeparator> (0x000000076b4c5b58) thrown at [C:\re\workspace\8-2-build-windows-amd64-cygwin\jdk8u121\8372\hotspot\src\share\vm\classfile\systemDictionary.cpp, line 210]
Event: 0.275 Thread 0x00000000018c0800 Exception <a 'java/lang/ClassNotFoundException': ToolTip> (0x000000076b4c6298) thrown at [C:\re\workspace\8-2-build-windows-amd64-cygwin\jdk8u121\8372\hotspot\src\share\vm\classfile\systemDictionary.cpp, line 210]
Event: 0.276 Thread 0x00000000018c0800 Exception <a 'java/lang/ClassNotFoundException': Tree> (0x000000076b4c6eb8) thrown at [C:\re\workspace\8-2-build-windows-amd64-cygwin\jdk8u121\8372\hotspot\src\share\vm\classfile\systemDictionary.cpp, line 210]
Event: 0.276 Thread 0x00000000018c0800 Exception <a 'java/lang/ClassNotFoundException': Tree> (0x000000076b4c75f8) thrown at [C:\re\workspace\8-2-build-windows-amd64-cygwin\jdk8u121\8372\hotspot\src\share\vm\classfile\systemDictionary.cpp, line 210]
Event: 0.276 Thread 0x00000000018c0800 Exception <a 'java/lang/ClassNotFoundException': javax/swing/JTreeCell> (0x000000076b4c7978) thrown at [C:\re\workspace\8-2-build-windows-amd64-cygwin\jdk8u121\8372\hotspot\src\share\vm\classfile\systemDictionary.cpp, line 210]
Event: 0.276 Thread 0x00000000018c0800 Exception <a 'java/lang/ClassNotFoundException': TreeCell> (0x000000076b4c7e00) thrown at [C:\re\workspace\8-2-build-windows-amd64-cygwin\jdk8u121\8372\hotspot\src\share\vm\classfile\systemDictionary.cpp, line 210]
Event: 0.277 Thread 0x00000000018c0800 Exception <a 'java/lang/ClassNotFoundException': RootPane> (0x000000076b4c8860) thrown at [C:\re\workspace\8-2-build-windows-amd64-cygwin\jdk8u121\8372\hotspot\src\share\vm\classfile\systemDictionary.cpp, line 210]

Events (10 events):
Event: 0.321 loading class sun/java2d/pipe/RenderQueue done
Event: 0.321 loading class sun/java2d/d3d/D3DRenderQueue done
Event: 0.321 loading class sun/java2d/pipe/RenderBuffer
Event: 0.321 loading class sun/java2d/pipe/RenderBuffer done
Event: 0.321 loading class sun/java2d/d3d/D3DRenderQueue$1
Event: 0.321 loading class sun/java2d/d3d/D3DRenderQueue$1 done
Event: 0.321 loading class sun/java2d/d3d/D3DGraphicsDevice$1Result
Event: 0.321 loading class sun/java2d/d3d/D3DGraphicsDevice$1Result done
Event: 0.321 loading class sun/java2d/d3d/D3DGraphicsDevice$1
Event: 0.321 loading class sun/java2d/d3d/D3DGraphicsDevice$1 done


Dynamic libraries:
0x00007ff7e5780000 - 0x00007ff7e57b7000 	C:\Program Files\Java\jdk1.8.0_121\bin\java.exe
0x00007ffa2fc60000 - 0x00007ffa2fe3b000 	C:\WINDOWS\SYSTEM32\ntdll.dll
0x00007ffa2f5e0000 - 0x00007ffa2f68e000 	C:\WINDOWS\System32\KERNEL32.DLL
0x00007ffa2c640000 - 0x00007ffa2c889000 	C:\WINDOWS\System32\KERNELBASE.dll
0x00007ffa2d960000 - 0x00007ffa2da01000 	C:\WINDOWS\System32\ADVAPI32.dll
0x00007ffa2da80000 - 0x00007ffa2db1d000 	C:\WINDOWS\System32\msvcrt.dll
0x00007ffa2f580000 - 0x00007ffa2f5d9000 	C:\WINDOWS\System32\sechost.dll
0x00007ffa2f300000 - 0x00007ffa2f425000 	C:\WINDOWS\System32\RPCRT4.dll
0x00007ffa2f430000 - 0x00007ffa2f57a000 	C:\WINDOWS\System32\USER32.dll
0x00007ffa2d1a0000 - 0x00007ffa2d1be000 	C:\WINDOWS\System32\win32u.dll
0x00007ffa2fc20000 - 0x00007ffa2fc47000 	C:\WINDOWS\System32\GDI32.dll
0x00007ffa2c180000 - 0x00007ffa2c309000 	C:\WINDOWS\System32\gdi32full.dll
0x00007ffa2d000000 - 0x00007ffa2d09a000 	C:\WINDOWS\System32\msvcp_win.dll
0x00007ffa2d0a0000 - 0x00007ffa2d196000 	C:\WINDOWS\System32\ucrtbase.dll
0x00007ffa18df0000 - 0x00007ffa19057000 	C:\WINDOWS\WinSxS\amd64_microsoft.windows.common-controls_6595b64144ccf1df_6.0.15063.0_none_108e4f62dfe5d999\COMCTL32.dll
0x00007ffa2d660000 - 0x00007ffa2d959000 	C:\WINDOWS\System32\combase.dll
0x00007ffa2cf90000 - 0x00007ffa2cffa000 	C:\WINDOWS\System32\bcryptPrimitives.dll
0x00007ffa2f690000 - 0x00007ffa2f6bd000 	C:\WINDOWS\System32\IMM32.DLL
0x000000005f2a0000 - 0x000000005f372000 	C:\Program Files\Java\jdk1.8.0_121\jre\bin\msvcr100.dll
0x000000005f380000 - 0x000000005fc1b000 	C:\Program Files\Java\jdk1.8.0_121\jre\bin\server\jvm.dll
0x00007ffa2fc50000 - 0x00007ffa2fc58000 	C:\WINDOWS\System32\PSAPI.DLL
0x00007ffa1f250000 - 0x00007ffa1f273000 	C:\WINDOWS\SYSTEM32\WINMM.dll
0x00007ffa252e0000 - 0x00007ffa252ea000 	C:\WINDOWS\SYSTEM32\VERSION.dll
0x00007ffa1f220000 - 0x00007ffa1f24b000 	C:\WINDOWS\SYSTEM32\winmmbase.dll
0x00007ffa0f820000 - 0x00007ffa0f829000 	C:\WINDOWS\SYSTEM32\WSOCK32.dll
0x00007ffa2da10000 - 0x00007ffa2da7c000 	C:\WINDOWS\System32\WS2_32.dll
0x00007ffa2c310000 - 0x00007ffa2c359000 	C:\WINDOWS\System32\cfgmgr32.dll
0x000000005f250000 - 0x000000005f25f000 	C:\Program Files\Java\jdk1.8.0_121\jre\bin\verify.dll
0x000000005f220000 - 0x000000005f249000 	C:\Program Files\Java\jdk1.8.0_121\jre\bin\java.dll
0x000000005f200000 - 0x000000005f216000 	C:\Program Files\Java\jdk1.8.0_121\jre\bin\zip.dll
0x00007ffa2dc90000 - 0x00007ffa2f0c7000 	C:\WINDOWS\System32\SHELL32.dll
0x00007ffa2db20000 - 0x00007ffa2dbca000 	C:\WINDOWS\System32\shcore.dll
0x00007ffa2c890000 - 0x00007ffa2cf82000 	C:\WINDOWS\System32\windows.storage.dll
0x00007ffa2d280000 - 0x00007ffa2d2d1000 	C:\WINDOWS\System32\shlwapi.dll
0x00007ffa2c0f0000 - 0x00007ffa2c101000 	C:\WINDOWS\System32\kernel.appcore.dll
0x00007ffa2c130000 - 0x00007ffa2c17c000 	C:\WINDOWS\System32\powrprof.dll
0x00007ffa2c110000 - 0x00007ffa2c125000 	C:\WINDOWS\System32\profapi.dll
0x000000005f020000 - 0x000000005f1b8000 	C:\Program Files\Java\jdk1.8.0_121\jre\bin\awt.dll
0x00007ffa2dbd0000 - 0x00007ffa2dc8f000 	C:\WINDOWS\System32\OLEAUT32.dll
0x00007ffa2a4b0000 - 0x00007ffa2a52e000 	C:\WINDOWS\SYSTEM32\apphelp.dll
0x00007ffa2a7e0000 - 0x00007ffa2a875000 	C:\WINDOWS\system32\uxtheme.dll
0x00007ffa2d2e0000 - 0x00007ffa2d446000 	C:\WINDOWS\System32\MSCTF.dll
0x0000000180000000 - 0x0000000180037000 	E:\MSI Afterburner\RivaTuner Statistics Server\RTSSHooks64.dll
0x0000000063200000 - 0x00000000632a3000 	C:\WINDOWS\WinSxS\amd64_microsoft.vc90.crt_1fc8b3b9a1e18e3b_9.0.30729.9279_none_08e667efa83ba076\MSVCR90.dll
0x00007ffa17140000 - 0x00007ffa171e1000 	C:\Program Files\Common Files\microsoft shared\ink\tiptsf.dll
0x00007ffa1bc10000 - 0x00007ffa1bc3a000 	C:\WINDOWS\system32\dwmapi.dll
0x00007ffa2f0d0000 - 0x00007ffa2f214000 	C:\WINDOWS\System32\ole32.dll
0x000000005efd0000 - 0x000000005f017000 	C:\Program Files\Java\jdk1.8.0_121\jre\bin\fontmanager.dll
0x00007ff9fefe0000 - 0x00007ff9ff101000 	C:\WINDOWS\system32\opengl32.dll
0x00007ffa12910000 - 0x00007ffa1293c000 	C:\WINDOWS\SYSTEM32\GLU32.dll
0x00007ff9fe540000 - 0x00007ff9fe6c9000 	C:\WINDOWS\system32\d3d9.dll
0x00007ffa1c680000 - 0x00007ffa1c75f000 	C:\WINDOWS\System32\DriverStore\FileRepository\nv_dispi.inf_amd64_274d0ab8ee30c459\nvldumdx.dll
0x00007ffa2c360000 - 0x00007ffa2c529000 	C:\WINDOWS\System32\crypt32.dll
0x00007ffa2c0d0000 - 0x00007ffa2c0e1000 	C:\WINDOWS\System32\MSASN1.dll
0x00007ffa2c5e0000 - 0x00007ffa2c636000 	C:\WINDOWS\System32\WINTRUST.DLL
0x00007ffa2d260000 - 0x00007ffa2d27d000 	C:\WINDOWS\System32\imagehlp.dll
0x00007ffa2bb80000 - 0x00007ffa2bb97000 	C:\WINDOWS\SYSTEM32\CRYPTSP.dll
0x00007ffa2b600000 - 0x00007ffa2b634000 	C:\WINDOWS\system32\rsaenh.dll
0x00007ffa2bc90000 - 0x00007ffa2bcb5000 	C:\WINDOWS\SYSTEM32\bcrypt.dll
0x00007ffa2bba0000 - 0x00007ffa2bbab000 	C:\WINDOWS\SYSTEM32\CRYPTBASE.dll
0x00007ff9ed140000 - 0x00007ff9ee154000 	C:\WINDOWS\System32\DriverStore\FileRepository\nv_dispi.inf_amd64_274d0ab8ee30c459\nvd3dumx.dll
0x00007ffa1da40000 - 0x00007ffa1dc11000 	C:\WINDOWS\system32\nvspcap64.dll
0x00007ffa2f7e0000 - 0x00007ffa2fc1b000 	C:\WINDOWS\System32\SETUPAPI.dll
0x00007ffa28170000 - 0x00007ffa28183000 	C:\WINDOWS\SYSTEM32\WTSAPI32.dll
0x00007ffa28760000 - 0x00007ffa28837000 	C:\WINDOWS\SYSTEM32\WINHTTP.dll
0x00007ffa1e170000 - 0x00007ffa1e58f000 	C:\WINDOWS\system32\nvapi64.dll
0x00007ffa2af40000 - 0x00007ffa2afe4000 	C:\WINDOWS\SYSTEM32\dxgi.dll
0x00007ffa1be60000 - 0x00007ffa1bf47000 	C:\Program Files (x86)\NVIDIA Corporation\3D Vision\nvSCPAPI64.dll
0x00007ffa1ff10000 - 0x00007ffa200b9000 	C:\WINDOWS\SYSTEM32\dbghelp.dll

VM Arguments:
jvm_args: -Dfile.encoding=UTF-8 
java_command: clientserverudp.clientServer
java_class_path (initial): E:\Google Drive\cegep de l'outaouais\farming Semester\best Semester\Programmation reseaux\Java\finalLabAndFinalProject\lab\ClientServerUdpClient\build\classes
Launcher Type: SUN_STANDARD

Environment Variables:
PATH=C:\Program Files (x86)\Common Files\Intel\Shared Libraries\redist\intel64\compiler;C:\ProgramData\Oracle\Java\javapath;C:\Windows\system32;C:\Windows;C:\Windows\System32\Wbem;C:\Windows\System32\WindowsPowerShell\v1.0\;C:\Program Files (x86)\NVIDIA Corporation\PhysX\Common;C:\Program Files (x86)\Windows Kits\10\Windows Performance Toolkit\;C:\Program Files\Microsoft SQL Server\130\Tools\Binn\;C:\Program Files\dotnet\;C:\Program Files (x86)\Microsoft Emulator Manager\1.0\;C:\WINDOWS\system32;C:\WINDOWS;C:\WINDOWS\System32\Wbem;C:\WINDOWS\System32\WindowsPowerShell\v1.0\;C:\Users\M-A\AppData\Local\Microsoft\WindowsApps;
USERNAME=M-A
OS=Windows_NT
PROCESSOR_IDENTIFIER=Intel64 Family 6 Model 62 Stepping 4, GenuineIntel



---------------  S Y S T E M  ---------------

OS: Windows 10.0 , 64 bit Build 15063 (10.0.15063.0)

CPU:total 8 (4 cores per cpu, 2 threads per core) family 6 model 62 stepping 4, cmov, cx8, fxsr, mmx, sse, sse2, sse3, ssse3, sse4.1, sse4.2, popcnt, avx, aes, clmul, erms, ht, tsc, tscinvbit

Memory: 4k page, physical 16716544k(7240540k free), swap 23270144k(7743452k free)

vm_info: Java HotSpot(TM) 64-Bit Server VM (25.121-b13) for windows-amd64 JRE (1.8.0_121-b13), built on Dec 12 2016 18:21:36 by "java_re" with MS VC++ 10.0 (VS2010)

time: Sat Apr 29 16:27:06 2017
elapsed time: 0 seconds (0d 0h 0m 0s)

